<?xml version="1.0" encoding="UTF-8"?>
<testng-results total="1" passed="1" failed="0" skipped="0">
  <reporter-output>
  </reporter-output>
  <suite started-at="2024-12-17T06:57:45Z" name="Default suite" finished-at="2024-12-17T06:57:48Z" duration-ms="3084">
    <groups>
    </groups>
    <test started-at="2024-12-17T06:57:45Z" name="Default test" finished-at="2024-12-17T06:57:48Z" duration-ms="3084">
      <class name="com.assignment.api.ApiAutomation">
        <test-method is-config="true" signature="setup()[pri:0, instance:com.assignment.api.ApiAutomation@23348b5d]" started-at="2024-12-17T12:27:45Z" name="setup" finished-at="2024-12-17T12:27:45Z" duration-ms="930" status="PASS">
          <reporter-output>
          </reporter-output>
        </test-method> <!-- setup -->
        <test-method is-config="true" signature="beforeMethod(java.lang.reflect.Method)[pri:0, instance:com.assignment.api.ApiAutomation@23348b5d]" started-at="2024-12-17T12:27:45Z" name="beforeMethod" finished-at="2024-12-17T12:27:46Z" duration-ms="73" status="PASS">
          <params>
            <param index="0">
              <value>
                <![CDATA[public void com.assignment.api.ApiAutomation.listUsers()]]>
              </value>
            </param>
          </params>
          <reporter-output>
          </reporter-output>
        </test-method> <!-- beforeMethod -->
        <test-method signature="listUsers()[pri:1, instance:com.assignment.api.ApiAutomation@23348b5d]" started-at="2024-12-17T12:27:46Z" name="listUsers" finished-at="2024-12-17T12:27:47Z" duration-ms="1772" status="PASS">
          <reporter-output>
          </reporter-output>
        </test-method> <!-- listUsers -->
        <test-method is-config="true" signature="afterMethod()[pri:0, instance:com.assignment.api.ApiAutomation@23348b5d]" started-at="2024-12-17T12:27:47Z" name="afterMethod" finished-at="2024-12-17T12:27:48Z" duration-ms="294" status="PASS">
          <reporter-output>
          </reporter-output>
        </test-method> <!-- afterMethod -->
        <test-method is-config="true" signature="teardown()[pri:0, instance:com.assignment.api.ApiAutomation@23348b5d]" started-at="2024-12-17T12:27:48Z" name="teardown" finished-at="2024-12-17T12:27:48Z" duration-ms="1" status="PASS">
          <reporter-output>
          </reporter-output>
        </test-method> <!-- teardown -->
      </class> <!-- com.assignment.api.ApiAutomation -->
    </test> <!-- Default test -->
  </suite> <!-- Default suite -->
</testng-results>
