<?xml version="1.0" encoding="UTF-8"?>
<!-- Generated by org.testng.reporters.JUnitXMLReporter -->
<testsuite hostname="USCHNSUGURU2" failures="0" tests="13" name="API Tests" time="10.997" errors="0" timestamp="17 Dec 2024 06:49:27 GMT">
  <testcase classname="com.assignment.api.ApiAutomation" name="listUsers" time="3.809"/>
  <testcase classname="com.assignment.api.ApiAutomation" name="singleUser" time="0.168"/>
  <testcase classname="com.assignment.api.ApiAutomation" name="singleUserNotFound" time="0.103"/>
  <testcase classname="com.assignment.api.ApiAutomation" name="listResources" time="0.16"/>
  <testcase classname="com.assignment.api.ApiAutomation" name="singleResource" time="0.115"/>
  <testcase classname="com.assignment.api.ApiAutomation" name="createUser" time="0.576"/>
  <testcase classname="com.assignment.api.ApiAutomation" name="registerSuccessful" time="0.378"/>
  <testcase classname="com.assignment.api.ApiAutomation" name="registerUnsuccessful" time="0.435"/>
  <testcase classname="com.assignment.api.ApiAutomation" name="loginSuccessful" time="0.438"/>
  <testcase classname="com.assignment.api.ApiAutomation" name="loginUnsuccessful" time="0.404"/>
  <testcase classname="com.assignment.api.ApiAutomation" name="updateUserPut" time="0.399"/>
  <testcase classname="com.assignment.api.ApiAutomation" name="updateUserPatch" time="0.403"/>
  <testcase classname="com.assignment.api.ApiAutomation" name="deleteUser" time="0.373"/>
</testsuite> <!-- API Tests -->
